08:17:04 **** Incremental Build of project isrIntertialDelay ****
buildplatform.bat 57077 isrIntertialDelay standalone_ps7_cortexa9_0,zynq_fsbl 
XSDB Server Channel: tcfchan#1
Reading the platform  : "isrIntertialDelay"
Failed to generate the platform.
Reason: Error: Qemu arguments File given  D:/Vitis/2021.2/data/emulation/platforms/zynq/sw/a9_standalone/qemu/qemu_args.txt do not exist
    invoked from within
"::tcf::eval -progress {apply {{msg} {puts $msg}}} {tcf_send_command tcfchan#0 xsdb eval s es {{platform active isrIntertialDelay; platform generate  -domains standalone_ps7_cortexa9_0,zynq_fsbl}}}"
    (procedure "::tcf::send_command" line 4)
    invoked from within
"tcf send_command $::xsdb::curchan xsdb eval s es [list "platform active $PLATFORM_NAME; platform generate $target"]"
    invoked from within
"if { $iswindows == 1 } {    

    set XSDB_PORT [lindex $argv 0]
    set PLATFORM_NAME [lindex $argv 1]
    set arglen [llength $argv]
    set lastind..."
    (file "C:/Xilinx/Vitis/2021.2\scripts\vitis\util\buildplatform.tcl" line 11)
08:17:09 **** Incremental Build of configuration Debug for project isrInertialDelay ****
make all 
make --no-print-directory pre-build
a9-linaro-pre-build-step
' '
make --no-print-directory main-build
make[1]: Nothing to be done for 'main-build'.
