#-----------------------------------------------------------
# Vivado v2021.2 (64-bit)
# SW Build 3367213 on Tue Oct 19 02:48:09 MDT 2021
# IP Build 3369179 on Thu Oct 21 08:25:16 MDT 2021
# Start of session at: Thu Apr 28 11:41:45 2022
# Process ID: 74096
# Current directory: C:/Users/Administrator/Documents/Gitkraken/spec/HDMI_experiment
# Command line: vivado.exe -gui_launcher_event rodinguilauncherevent161768 C:\Users\Administrator\Documents\Gitkraken\spec\HDMI_experiment\HDMI_experiment.xpr
# Log file: C:/Users/Administrator/Documents/Gitkraken/spec/HDMI_experiment/vivado.log
# Journal file: C:/Users/Administrator/Documents/Gitkraken/spec/HDMI_experiment\vivado.jou
# Running On: PF2BDT9B, OS: Windows, CPU Frequency: 2112 MHz, CPU Physical cores: 4, Host memory: 16918 MB
#-----------------------------------------------------------
start_gui
open_project C:/Users/Administrator/Documents/Gitkraken/spec/HDMI_experiment/HDMI_experiment.xpr
WARNING: [Board 49-26] cannot add Board Part xilinx.com:ac701:part0:1.4 available at C:/Xilinx/Vivado/2021.2/data/xhub/boards/XilinxBoardStore/boards/Xilinx/ac701/1.4/board.xml as part xc7a200tfbg676-2 specified in board_part file is either invalid or not available
WARNING: [Board 49-26] cannot add Board Part xilinx.com:k26c:part0:1.2 available at C:/Xilinx/Vivado/2021.2/data/xhub/boards/XilinxBoardStore/boards/Xilinx/k26c/1.2/board.xml as part xck26-sfvc784-2lv-c specified in board_part file is either invalid or not available
WARNING: [Board 49-26] cannot add Board Part xilinx.com:k26c:part0:1.3 available at C:/Xilinx/Vivado/2021.2/data/xhub/boards/XilinxBoardStore/boards/Xilinx/k26c/1.3/board.xml as part xck26-sfvc784-2lv-c specified in board_part file is either invalid or not available
WARNING: [Board 49-26] cannot add Board Part xilinx.com:k26i:part0:1.2 available at C:/Xilinx/Vivado/2021.2/data/xhub/boards/XilinxBoardStore/boards/Xilinx/k26i/1.2/board.xml as part xck26-sfvc784-2lvi-i specified in board_part file is either invalid or not available
WARNING: [Board 49-26] cannot add Board Part xilinx.com:k26i:part0:1.3 available at C:/Xilinx/Vivado/2021.2/data/xhub/boards/XilinxBoardStore/boards/Xilinx/k26i/1.3/board.xml as part xck26-sfvc784-2lvi-i specified in board_part file is either invalid or not available
WARNING: [Board 49-26] cannot add Board Part xilinx.com:kc705:part0:1.6 available at C:/Xilinx/Vivado/2021.2/data/xhub/boards/XilinxBoardStore/boards/Xilinx/kc705/1.6/board.xml as part xc7k325tffg900-2 specified in board_part file is either invalid or not available
WARNING: [Board 49-26] cannot add Board Part xilinx.com:kcu105:part0:1.6 available at C:/Xilinx/Vivado/2021.2/data/xhub/boards/XilinxBoardStore/boards/Xilinx/kcu105/1.6/board.xml as part xcku040-ffva1156-2-e specified in board_part file is either invalid or not available
WARNING: [Board 49-26] cannot add Board Part xilinx.com:kcu105:part0:1.7 available at C:/Xilinx/Vivado/2021.2/data/xhub/boards/XilinxBoardStore/boards/Xilinx/kcu105/1.7/board.xml as part xcku040-ffva1156-2-e specified in board_part file is either invalid or not available
WARNING: [Board 49-26] cannot add Board Part xilinx.com:kcu116:part0:1.4 available at C:/Xilinx/Vivado/2021.2/data/xhub/boards/XilinxBoardStore/boards/Xilinx/kcu116/1.4/board.xml as part xcku5p-ffvb676-2-e specified in board_part file is either invalid or not available
WARNING: [Board 49-26] cannot add Board Part xilinx.com:kcu116:part0:1.5 available at C:/Xilinx/Vivado/2021.2/data/xhub/boards/XilinxBoardStore/boards/Xilinx/kcu116/1.5/board.xml as part xcku5p-ffvb676-2-e specified in board_part file is either invalid or not available
WARNING: [Board 49-26] cannot add Board Part xilinx.com:kcu1500:part0:1.2 available at C:/Xilinx/Vivado/2021.2/data/xhub/boards/XilinxBoardStore/boards/Xilinx/kcu1500/1.2/board.xml as part xcku115-flvb2104-2-e specified in board_part file is either invalid or not available
WARNING: [Board 49-26] cannot add Board Part xilinx.com:kv260_som:part0:1.2 available at C:/Xilinx/Vivado/2021.2/data/xhub/boards/XilinxBoardStore/boards/Xilinx/kv260_som/1.2/board.xml as part xck26-sfvc784-2lv-c specified in board_part file is either invalid or not available
WARNING: [Board 49-26] cannot add Board Part xilinx.com:sp701:part0:1.0 available at C:/Xilinx/Vivado/2021.2/data/xhub/boards/XilinxBoardStore/boards/Xilinx/sp701/1.0/board.xml as part xc7s100fgga676-2 specified in board_part file is either invalid or not available
WARNING: [Board 49-26] cannot add Board Part xilinx.com:sp701:part0:1.1 available at C:/Xilinx/Vivado/2021.2/data/xhub/boards/XilinxBoardStore/boards/Xilinx/sp701/1.1/board.xml as part xc7s100fgga676-2 specified in board_part file is either invalid or not available
WARNING: [Board 49-26] cannot add Board Part xilinx.com:vc707:part0:1.4 available at C:/Xilinx/Vivado/2021.2/data/xhub/boards/XilinxBoardStore/boards/Xilinx/vc707/1.4/board.xml as part xc7vx485tffg1761-2 specified in board_part file is either invalid or not available
WARNING: [Board 49-26] cannot add Board Part xilinx.com:vc709:part0:1.8 available at C:/Xilinx/Vivado/2021.2/data/xhub/boards/XilinxBoardStore/boards/Xilinx/vc709/1.8/board.xml as part xc7vx690tffg1761-2 specified in board_part file is either invalid or not available
WARNING: [Board 49-26] cannot add Board Part xilinx.com:vck190:part0:2.2 available at C:/Xilinx/Vivado/2021.2/data/xhub/boards/XilinxBoardStore/boards/Xilinx/vck190/production/2.2/board.xml as part xcvc1902-vsva2197-2mp-e-s specified in board_part file is either invalid or not available
WARNING: [Board 49-26] cannot add Board Part xilinx.com:vck190_es:part0:1.3 available at C:/Xilinx/Vivado/2021.2/data/xhub/boards/XilinxBoardStore/boards/Xilinx/vck190/es/1.3/board.xml as part xcvc1902-vsva2197-2mp-e-s-es1 specified in board_part file is either invalid or not available
WARNING: [Board 49-26] cannot add Board Part xilinx.com:vcu108:part0:1.6 available at C:/Xilinx/Vivado/2021.2/data/xhub/boards/XilinxBoardStore/boards/Xilinx/vcu108/1.6/board.xml as part xcvu095-ffva2104-2-e specified in board_part file is either invalid or not available
WARNING: [Board 49-26] cannot add Board Part xilinx.com:vcu108:part0:1.7 available at C:/Xilinx/Vivado/2021.2/data/xhub/boards/XilinxBoardStore/boards/Xilinx/vcu108/1.7/board.xml as part xcvu095-ffva2104-2-e specified in board_part file is either invalid or not available
WARNING: [Board 49-26] cannot add Board Part xilinx.com:vcu110:part0:1.4 available at C:/Xilinx/Vivado/2021.2/data/xhub/boards/XilinxBoardStore/boards/Xilinx/vcu110/1.4/board.xml as part xcvu190-flgc2104-2-e specified in board_part file is either invalid or not available
WARNING: [Board 49-26] cannot add Board Part xilinx.com:vcu118:part0:2.0 available at C:/Xilinx/Vivado/2021.2/data/xhub/boards/XilinxBoardStore/boards/Xilinx/vcu118/2.0/board.xml as part xcvu9p-flga2104-2l-e specified in board_part file is either invalid or not available
WARNING: [Board 49-26] cannot add Board Part xilinx.com:vcu118:part0:2.3 available at C:/Xilinx/Vivado/2021.2/data/xhub/boards/XilinxBoardStore/boards/Xilinx/vcu118/2.3/board.xml as part xcvu9p-flga2104-2l-e specified in board_part file is either invalid or not available
WARNING: [Board 49-26] cannot add Board Part xilinx.com:vcu118:part0:2.4 available at C:/Xilinx/Vivado/2021.2/data/xhub/boards/XilinxBoardStore/boards/Xilinx/vcu118/2.4/board.xml as part xcvu9p-flga2104-2l-e specified in board_part file is either invalid or not available
WARNING: [Board 49-26] cannot add Board Part xilinx.com:vcu128:part0:1.0 available at C:/Xilinx/Vivado/2021.2/data/xhub/boards/XilinxBoardStore/boards/Xilinx/vcu128/production/1.0/board.xml as part xcvu37p-fsvh2892-2l-e specified in board_part file is either invalid or not available
WARNING: [Board 49-26] cannot add Board Part xilinx.com:vcu129:part0:1.0 available at C:/Xilinx/Vivado/2021.2/data/xhub/boards/XilinxBoardStore/boards/Xilinx/vcu129/production/1.0/board.xml as part xcvu29p-fsga2577-2l-e specified in board_part file is either invalid or not available
WARNING: [Board 49-26] cannot add Board Part xilinx.com:vcu1525:part0:1.3 available at C:/Xilinx/Vivado/2021.2/data/xhub/boards/XilinxBoardStore/boards/Xilinx/vcu1525/1.3/board.xml as part xcvu9p-fsgd2104-2l-e specified in board_part file is either invalid or not available
WARNING: [Board 49-26] cannot add Board Part xilinx.com:vermeo_t1_mpsoc:part0:1.0 available at C:/Xilinx/Vivado/2021.2/data/xhub/boards/XilinxBoardStore/boards/Xilinx/vermeo_t1_mpsoc/1.0/board.xml as part xczu19eg-ffvd1760-2l-e specified in board_part file is either invalid or not available
WARNING: [Board 49-26] cannot add Board Part xilinx.com:vermeo_t1_rfsoc:part0:1.0 available at C:/Xilinx/Vivado/2021.2/data/xhub/boards/XilinxBoardStore/boards/Xilinx/vermeo_t1_rfsoc/1.0/board.xml as part xczu21dr-ffvd1156-2l-e specified in board_part file is either invalid or not available
WARNING: [Board 49-26] cannot add Board Part xilinx.com:vmk180:part0:2.2 available at C:/Xilinx/Vivado/2021.2/data/xhub/boards/XilinxBoardStore/boards/Xilinx/vmk180/production/2.2/board.xml as part xcvm1802-vsva2197-2mp-e-s specified in board_part file is either invalid or not available
WARNING: [Board 49-26] cannot add Board Part xilinx.com:vmk180_es:part0:1.3 available at C:/Xilinx/Vivado/2021.2/data/xhub/boards/XilinxBoardStore/boards/Xilinx/vmk180/es/1.3/board.xml as part xcvm1802-vsva2197-2mp-e-s-es1 specified in board_part file is either invalid or not available
WARNING: [Board 49-26] cannot add Board Part xilinx.com:vpk120_es:part0:1.2 available at C:/Xilinx/Vivado/2021.2/data/xhub/boards/XilinxBoardStore/boards/Xilinx/vpk120/es/1.2/board.xml as part xcvp1202-vsva2785-2mp-e-s-es1 specified in board_part file is either invalid or not available
WARNING: [Board 49-26] cannot add Board Part xilinx.com:zcu102:part0:3.3 available at C:/Xilinx/Vivado/2021.2/data/xhub/boards/XilinxBoardStore/boards/Xilinx/zcu102/3.3/board.xml as part xczu9eg-ffvb1156-2-e specified in board_part file is either invalid or not available
WARNING: [Board 49-26] cannot add Board Part xilinx.com:zcu102:part0:3.4 available at C:/Xilinx/Vivado/2021.2/data/xhub/boards/XilinxBoardStore/boards/Xilinx/zcu102/3.4/board.xml as part xczu9eg-ffvb1156-2-e specified in board_part file is either invalid or not available
WARNING: [Board 49-26] cannot add Board Part xilinx.com:zcu104:part0:1.1 available at C:/Xilinx/Vivado/2021.2/data/xhub/boards/XilinxBoardStore/boards/Xilinx/zcu104/1.1/board.xml as part xczu7ev-ffvc1156-2-e specified in board_part file is either invalid or not available
WARNING: [Board 49-26] cannot add Board Part xilinx.com:zcu106:part0:2.4 available at C:/Xilinx/Vivado/2021.2/data/xhub/boards/XilinxBoardStore/boards/Xilinx/zcu106/2.4/board.xml as part xczu7ev-ffvc1156-2-e specified in board_part file is either invalid or not available
WARNING: [Board 49-26] cannot add Board Part xilinx.com:zcu106:part0:2.5 available at C:/Xilinx/Vivado/2021.2/data/xhub/boards/XilinxBoardStore/boards/Xilinx/zcu106/2.5/board.xml as part xczu7ev-ffvc1156-2-e specified in board_part file is either invalid or not available
WARNING: [Board 49-26] cannot add Board Part xilinx.com:zcu106:part0:2.6 available at C:/Xilinx/Vivado/2021.2/data/xhub/boards/XilinxBoardStore/boards/Xilinx/zcu106/2.6/board.xml as part xczu7ev-ffvc1156-2-e specified in board_part file is either invalid or not available
WARNING: [Board 49-26] cannot add Board Part xilinx.com:zcu111:part0:1.2 available at C:/Xilinx/Vivado/2021.2/data/xhub/boards/XilinxBoardStore/boards/Xilinx/zcu111/1.2/board.xml as part xczu28dr-ffvg1517-2-e specified in board_part file is either invalid or not available
WARNING: [Board 49-26] cannot add Board Part xilinx.com:zcu111:part0:1.3 available at C:/Xilinx/Vivado/2021.2/data/xhub/boards/XilinxBoardStore/boards/Xilinx/zcu111/1.3/board.xml as part xczu28dr-ffvg1517-2-e specified in board_part file is either invalid or not available
WARNING: [Board 49-26] cannot add Board Part xilinx.com:zcu111:part0:1.4 available at C:/Xilinx/Vivado/2021.2/data/xhub/boards/XilinxBoardStore/boards/Xilinx/zcu111/1.4/board.xml as part xczu28dr-ffvg1517-2-e specified in board_part file is either invalid or not available
WARNING: [Board 49-26] cannot add Board Part xilinx.com:zcu1275:part0:1.0 available at C:/Xilinx/Vivado/2021.2/data/xhub/boards/XilinxBoardStore/boards/Xilinx/zcu1275/1.0/board.xml as part xczu29dr-ffvf1760-2-e specified in board_part file is either invalid or not available
WARNING: [Board 49-26] cannot add Board Part xilinx.com:zcu1285:part0:1.0 available at C:/Xilinx/Vivado/2021.2/data/xhub/boards/XilinxBoardStore/boards/Xilinx/zcu1285/1.0/board.xml as part xczu39dr-ffvf1760-2-i specified in board_part file is either invalid or not available
WARNING: [Board 49-26] cannot add Board Part xilinx.com:zcu208:part0:2.0 available at C:/Xilinx/Vivado/2021.2/data/xhub/boards/XilinxBoardStore/boards/Xilinx/zcu208/production/2.0/board.xml as part xczu48dr-fsvg1517-2-e specified in board_part file is either invalid or not available
WARNING: [Board 49-26] cannot add Board Part xilinx.com:zcu208_es:part0:1.0 available at C:/Xilinx/Vivado/2021.2/data/xhub/boards/XilinxBoardStore/boards/Xilinx/zcu208/es/1.0/board.xml as part xczu48dr-fsvg1517-2-e-es1 specified in board_part file is either invalid or not available
WARNING: [Board 49-26] cannot add Board Part xilinx.com:zcu208_es:part0:1.1 available at C:/Xilinx/Vivado/2021.2/data/xhub/boards/XilinxBoardStore/boards/Xilinx/zcu208/es/1.1/board.xml as part xczu48dr-fsvg1517-2-e-es1 specified in board_part file is either invalid or not available
WARNING: [Board 49-26] cannot add Board Part xilinx.com:zcu208_es:part0:1.2 available at C:/Xilinx/Vivado/2021.2/data/xhub/boards/XilinxBoardStore/boards/Xilinx/zcu208/es/1.2/board.xml as part xczu48dr-fsvg1517-2-e-es1 specified in board_part file is either invalid or not available
WARNING: [Board 49-26] cannot add Board Part xilinx.com:zcu208ld:part0:2.0 available at C:/Xilinx/Vivado/2021.2/data/xhub/boards/XilinxBoardStore/boards/Xilinx/zcu208ld/production/2.0/board.xml as part xczu58dr-fsvg1517-2-i specified in board_part file is either invalid or not available
WARNING: [Board 49-26] cannot add Board Part xilinx.com:zcu208ld_es:part0:1.0 available at C:/Xilinx/Vivado/2021.2/data/xhub/boards/XilinxBoardStore/boards/Xilinx/zcu208ld/es/1.0/board.xml as part xczu58dr-fsvg1517-2-i-es1 specified in board_part file is either invalid or not available
WARNING: [Board 49-26] cannot add Board Part xilinx.com:zcu216:part0:2.0 available at C:/Xilinx/Vivado/2021.2/data/xhub/boards/XilinxBoardStore/boards/Xilinx/zcu216/production/2.0/board.xml as part xczu49dr-ffvf1760-2-e specified in board_part file is either invalid or not available
WARNING: [Board 49-26] cannot add Board Part xilinx.com:zcu216_es:part0:1.0 available at C:/Xilinx/Vivado/2021.2/data/xhub/boards/XilinxBoardStore/boards/Xilinx/zcu216/es/1.0/board.xml as part xczu49dr-ffvf1760-2-e-es1 specified in board_part file is either invalid or not available
WARNING: [Board 49-26] cannot add Board Part xilinx.com:zcu216_es:part0:1.1 available at C:/Xilinx/Vivado/2021.2/data/xhub/boards/XilinxBoardStore/boards/Xilinx/zcu216/es/1.1/board.xml as part xczu49dr-ffvf1760-2-e-es1 specified in board_part file is either invalid or not available
WARNING: [Board 49-26] cannot add Board Part xilinx.com:zcu216_es:part0:1.2 available at C:/Xilinx/Vivado/2021.2/data/xhub/boards/XilinxBoardStore/boards/Xilinx/zcu216/es/1.2/board.xml as part xczu49dr-ffvf1760-2-e-es1 specified in board_part file is either invalid or not available
WARNING: [Board 49-26] cannot add Board Part xilinx.com:zcu216ld:part0:2.0 available at C:/Xilinx/Vivado/2021.2/data/xhub/boards/XilinxBoardStore/boards/Xilinx/zcu216ld/production/2.0/board.xml as part xczu59dr-ffvf1760-2-i specified in board_part file is either invalid or not available
WARNING: [Board 49-26] cannot add Board Part xilinx.com:zcu216ld_es:part0:1.0 available at C:/Xilinx/Vivado/2021.2/data/xhub/boards/XilinxBoardStore/boards/Xilinx/zcu216ld/es/1.0/board.xml as part xczu59dr-ffvf1760-2-i-es1 specified in board_part file is either invalid or not available
WARNING: [Board 49-26] cannot add Board Part xilinx.com:zcu670:part0:1.0 available at C:/Xilinx/Vivado/2021.2/data/xhub/boards/XilinxBoardStore/boards/Xilinx/zcu670/1.0/board.xml as part xczu67dr-fsve1156-2-i specified in board_part file is either invalid or not available
INFO: [Project 1-313] Project file moved from 'C:/Users/vreys/OneDrive/school/spec/HDMI_experiment' since last save.
Scanning sources...
Finished scanning sources
INFO: [Project 1-1877] Auto incremental dir location 'C:/Users/vreys/OneDrive/school/spec/HDMI_experiment/HDMI_experiment.srcs/utils_1/imports/design_1_processing_system7_0_0_synth_1' of run 'design_1_processing_system7_0_0_synth_1' is not writable, setting it to default location 'C:/Users/Administrator/Documents/Gitkraken/spec/HDMI_experiment/HDMI_experiment.srcs/utils_1/imports/design_1_processing_system7_0_0_synth_1'.
INFO: [Project 1-1877] Auto incremental dir location 'C:/Users/vreys/OneDrive/school/spec/HDMI_experiment/HDMI_experiment.srcs/utils_1/imports/design_1_axi_vdma_0_0_synth_1' of run 'design_1_axi_vdma_0_0_synth_1' is not writable, setting it to default location 'C:/Users/Administrator/Documents/Gitkraken/spec/HDMI_experiment/HDMI_experiment.srcs/utils_1/imports/design_1_axi_vdma_0_0_synth_1'.
INFO: [Project 1-1877] Auto incremental dir location 'C:/Users/vreys/OneDrive/school/spec/HDMI_experiment/HDMI_experiment.srcs/utils_1/imports/design_1_xbar_0_synth_1' of run 'design_1_xbar_0_synth_1' is not writable, setting it to default location 'C:/Users/Administrator/Documents/Gitkraken/spec/HDMI_experiment/HDMI_experiment.srcs/utils_1/imports/design_1_xbar_0_synth_1'.
INFO: [Project 1-1877] Auto incremental dir location 'C:/Users/vreys/OneDrive/school/spec/HDMI_experiment/HDMI_experiment.srcs/utils_1/imports/design_1_rst_ps7_0_100M_1_synth_1' of run 'design_1_rst_ps7_0_100M_1_synth_1' is not writable, setting it to default location 'C:/Users/Administrator/Documents/Gitkraken/spec/HDMI_experiment/HDMI_experiment.srcs/utils_1/imports/design_1_rst_ps7_0_100M_1_synth_1'.
INFO: [Project 1-1877] Auto incremental dir location 'C:/Users/vreys/OneDrive/school/spec/HDMI_experiment/HDMI_experiment.srcs/utils_1/imports/design_1_rst_ps7_0_142M_1_synth_1' of run 'design_1_rst_ps7_0_142M_1_synth_1' is not writable, setting it to default location 'C:/Users/Administrator/Documents/Gitkraken/spec/HDMI_experiment/HDMI_experiment.srcs/utils_1/imports/design_1_rst_ps7_0_142M_1_synth_1'.
INFO: [Project 1-1877] Auto incremental dir location 'C:/Users/vreys/OneDrive/school/spec/HDMI_experiment/HDMI_experiment.srcs/utils_1/imports/design_1_axis_subset_converter_0_0_synth_1' of run 'design_1_axis_subset_converter_0_0_synth_1' is not writable, setting it to default location 'C:/Users/Administrator/Documents/Gitkraken/spec/HDMI_experiment/HDMI_experiment.srcs/utils_1/imports/design_1_axis_subset_converter_0_0_synth_1'.
INFO: [Project 1-1877] Auto incremental dir location 'C:/Users/vreys/OneDrive/school/spec/HDMI_experiment/HDMI_experiment.srcs/utils_1/imports/design_1_v_axi4s_vid_out_0_0_synth_1' of run 'design_1_v_axi4s_vid_out_0_0_synth_1' is not writable, setting it to default location 'C:/Users/Administrator/Documents/Gitkraken/spec/HDMI_experiment/HDMI_experiment.srcs/utils_1/imports/design_1_v_axi4s_vid_out_0_0_synth_1'.
INFO: [Project 1-1877] Auto incremental dir location 'C:/Users/vreys/OneDrive/school/spec/HDMI_experiment/HDMI_experiment.srcs/utils_1/imports/design_1_v_tc_0_0_synth_1' of run 'design_1_v_tc_0_0_synth_1' is not writable, setting it to default location 'C:/Users/Administrator/Documents/Gitkraken/spec/HDMI_experiment/HDMI_experiment.srcs/utils_1/imports/design_1_v_tc_0_0_synth_1'.
INFO: [Project 1-1877] Auto incremental dir location 'C:/Users/vreys/OneDrive/school/spec/HDMI_experiment/HDMI_experiment.srcs/utils_1/imports/design_1_rgb2dvi_0_0_synth_1' of run 'design_1_rgb2dvi_0_0_synth_1' is not writable, setting it to default location 'C:/Users/Administrator/Documents/Gitkraken/spec/HDMI_experiment/HDMI_experiment.srcs/utils_1/imports/design_1_rgb2dvi_0_0_synth_1'.
INFO: [Project 1-1877] Auto incremental dir location 'C:/Users/vreys/OneDrive/school/spec/HDMI_experiment/HDMI_experiment.srcs/utils_1/imports/design_1_axi_dynclk_0_0_synth_1' of run 'design_1_axi_dynclk_0_0_synth_1' is not writable, setting it to default location 'C:/Users/Administrator/Documents/Gitkraken/spec/HDMI_experiment/HDMI_experiment.srcs/utils_1/imports/design_1_axi_dynclk_0_0_synth_1'.
INFO: [Project 1-1877] Auto incremental dir location 'C:/Users/vreys/OneDrive/school/spec/HDMI_experiment/HDMI_experiment.srcs/utils_1/imports/design_1_axi_gpio_0_0_synth_1' of run 'design_1_axi_gpio_0_0_synth_1' is not writable, setting it to default location 'C:/Users/Administrator/Documents/Gitkraken/spec/HDMI_experiment/HDMI_experiment.srcs/utils_1/imports/design_1_axi_gpio_0_0_synth_1'.
INFO: [Project 1-1877] Auto incremental dir location 'C:/Users/vreys/OneDrive/school/spec/HDMI_experiment/HDMI_experiment.srcs/utils_1/imports/design_1_axi_iic_0_0_synth_1' of run 'design_1_axi_iic_0_0_synth_1' is not writable, setting it to default location 'C:/Users/Administrator/Documents/Gitkraken/spec/HDMI_experiment/HDMI_experiment.srcs/utils_1/imports/design_1_axi_iic_0_0_synth_1'.
INFO: [Project 1-1877] Auto incremental dir location 'C:/Users/vreys/OneDrive/school/spec/HDMI_experiment/HDMI_experiment.srcs/utils_1/imports/design_1_auto_pc_0_synth_1' of run 'design_1_auto_pc_0_synth_1' is not writable, setting it to default location 'C:/Users/Administrator/Documents/Gitkraken/spec/HDMI_experiment/HDMI_experiment.srcs/utils_1/imports/design_1_auto_pc_0_synth_1'.
INFO: [Project 1-1877] Auto incremental dir location 'C:/Users/vreys/OneDrive/school/spec/HDMI_experiment/HDMI_experiment.srcs/utils_1/imports/design_1_auto_pc_1_synth_1' of run 'design_1_auto_pc_1_synth_1' is not writable, setting it to default location 'C:/Users/Administrator/Documents/Gitkraken/spec/HDMI_experiment/HDMI_experiment.srcs/utils_1/imports/design_1_auto_pc_1_synth_1'.
INFO: [Project 1-1877] Auto incremental dir location 'C:/Users/vreys/OneDrive/school/spec/HDMI_experiment/HDMI_experiment.srcs/utils_1/imports/impl_1' of run 'impl_1' is not writable, setting it to default location 'C:/Users/Administrator/Documents/Gitkraken/spec/HDMI_experiment/HDMI_experiment.srcs/utils_1/imports/impl_1'.
INFO: [Project 1-1877] Auto incremental dir location 'C:/Users/vreys/OneDrive/school/spec/HDMI_experiment/HDMI_experiment.srcs/utils_1/imports/design_1_processing_system7_0_0_impl_1' of run 'design_1_processing_system7_0_0_impl_1' is not writable, setting it to default location 'C:/Users/Administrator/Documents/Gitkraken/spec/HDMI_experiment/HDMI_experiment.srcs/utils_1/imports/design_1_processing_system7_0_0_impl_1'.
INFO: [Project 1-1877] Auto incremental dir location 'C:/Users/vreys/OneDrive/school/spec/HDMI_experiment/HDMI_experiment.srcs/utils_1/imports/design_1_axi_vdma_0_0_impl_1' of run 'design_1_axi_vdma_0_0_impl_1' is not writable, setting it to default location 'C:/Users/Administrator/Documents/Gitkraken/spec/HDMI_experiment/HDMI_experiment.srcs/utils_1/imports/design_1_axi_vdma_0_0_impl_1'.
INFO: [Project 1-1877] Auto incremental dir location 'C:/Users/vreys/OneDrive/school/spec/HDMI_experiment/HDMI_experiment.srcs/utils_1/imports/design_1_xbar_0_impl_1' of run 'design_1_xbar_0_impl_1' is not writable, setting it to default location 'C:/Users/Administrator/Documents/Gitkraken/spec/HDMI_experiment/HDMI_experiment.srcs/utils_1/imports/design_1_xbar_0_impl_1'.
INFO: [Project 1-1877] Auto incremental dir location 'C:/Users/vreys/OneDrive/school/spec/HDMI_experiment/HDMI_experiment.srcs/utils_1/imports/design_1_rst_ps7_0_100M_1_impl_1' of run 'design_1_rst_ps7_0_100M_1_impl_1' is not writable, setting it to default location 'C:/Users/Administrator/Documents/Gitkraken/spec/HDMI_experiment/HDMI_experiment.srcs/utils_1/imports/design_1_rst_ps7_0_100M_1_impl_1'.
INFO: [Project 1-1877] Auto incremental dir location 'C:/Users/vreys/OneDrive/school/spec/HDMI_experiment/HDMI_experiment.srcs/utils_1/imports/design_1_rst_ps7_0_142M_1_impl_1' of run 'design_1_rst_ps7_0_142M_1_impl_1' is not writable, setting it to default location 'C:/Users/Administrator/Documents/Gitkraken/spec/HDMI_experiment/HDMI_experiment.srcs/utils_1/imports/design_1_rst_ps7_0_142M_1_impl_1'.
INFO: [Project 1-1877] Auto incremental dir location 'C:/Users/vreys/OneDrive/school/spec/HDMI_experiment/HDMI_experiment.srcs/utils_1/imports/design_1_axis_subset_converter_0_0_impl_1' of run 'design_1_axis_subset_converter_0_0_impl_1' is not writable, setting it to default location 'C:/Users/Administrator/Documents/Gitkraken/spec/HDMI_experiment/HDMI_experiment.srcs/utils_1/imports/design_1_axis_subset_converter_0_0_impl_1'.
INFO: [Project 1-1877] Auto incremental dir location 'C:/Users/vreys/OneDrive/school/spec/HDMI_experiment/HDMI_experiment.srcs/utils_1/imports/design_1_v_axi4s_vid_out_0_0_impl_1' of run 'design_1_v_axi4s_vid_out_0_0_impl_1' is not writable, setting it to default location 'C:/Users/Administrator/Documents/Gitkraken/spec/HDMI_experiment/HDMI_experiment.srcs/utils_1/imports/design_1_v_axi4s_vid_out_0_0_impl_1'.
INFO: [Project 1-1877] Auto incremental dir location 'C:/Users/vreys/OneDrive/school/spec/HDMI_experiment/HDMI_experiment.srcs/utils_1/imports/design_1_v_tc_0_0_impl_1' of run 'design_1_v_tc_0_0_impl_1' is not writable, setting it to default location 'C:/Users/Administrator/Documents/Gitkraken/spec/HDMI_experiment/HDMI_experiment.srcs/utils_1/imports/design_1_v_tc_0_0_impl_1'.
INFO: [Project 1-1877] Auto incremental dir location 'C:/Users/vreys/OneDrive/school/spec/HDMI_experiment/HDMI_experiment.srcs/utils_1/imports/design_1_rgb2dvi_0_0_impl_1' of run 'design_1_rgb2dvi_0_0_impl_1' is not writable, setting it to default location 'C:/Users/Administrator/Documents/Gitkraken/spec/HDMI_experiment/HDMI_experiment.srcs/utils_1/imports/design_1_rgb2dvi_0_0_impl_1'.
INFO: [Project 1-1877] Auto incremental dir location 'C:/Users/vreys/OneDrive/school/spec/HDMI_experiment/HDMI_experiment.srcs/utils_1/imports/design_1_axi_dynclk_0_0_impl_1' of run 'design_1_axi_dynclk_0_0_impl_1' is not writable, setting it to default location 'C:/Users/Administrator/Documents/Gitkraken/spec/HDMI_experiment/HDMI_experiment.srcs/utils_1/imports/design_1_axi_dynclk_0_0_impl_1'.
INFO: [Project 1-1877] Auto incremental dir location 'C:/Users/vreys/OneDrive/school/spec/HDMI_experiment/HDMI_experiment.srcs/utils_1/imports/design_1_axi_gpio_0_0_impl_1' of run 'design_1_axi_gpio_0_0_impl_1' is not writable, setting it to default location 'C:/Users/Administrator/Documents/Gitkraken/spec/HDMI_experiment/HDMI_experiment.srcs/utils_1/imports/design_1_axi_gpio_0_0_impl_1'.
INFO: [Project 1-1877] Auto incremental dir location 'C:/Users/vreys/OneDrive/school/spec/HDMI_experiment/HDMI_experiment.srcs/utils_1/imports/design_1_axi_iic_0_0_impl_1' of run 'design_1_axi_iic_0_0_impl_1' is not writable, setting it to default location 'C:/Users/Administrator/Documents/Gitkraken/spec/HDMI_experiment/HDMI_experiment.srcs/utils_1/imports/design_1_axi_iic_0_0_impl_1'.
INFO: [Project 1-1877] Auto incremental dir location 'C:/Users/vreys/OneDrive/school/spec/HDMI_experiment/HDMI_experiment.srcs/utils_1/imports/design_1_auto_pc_0_impl_1' of run 'design_1_auto_pc_0_impl_1' is not writable, setting it to default location 'C:/Users/Administrator/Documents/Gitkraken/spec/HDMI_experiment/HDMI_experiment.srcs/utils_1/imports/design_1_auto_pc_0_impl_1'.
INFO: [Project 1-1877] Auto incremental dir location 'C:/Users/vreys/OneDrive/school/spec/HDMI_experiment/HDMI_experiment.srcs/utils_1/imports/design_1_auto_pc_1_impl_1' of run 'design_1_auto_pc_1_impl_1' is not writable, setting it to default location 'C:/Users/Administrator/Documents/Gitkraken/spec/HDMI_experiment/HDMI_experiment.srcs/utils_1/imports/design_1_auto_pc_1_impl_1'.
INFO: [IP_Flow 19-234] Refreshing IP repositories
INFO: [IP_Flow 19-1700] Loaded user IP repository 'c:/Users/Administrator/Documents/Gitkraken/spec/vivado-library-master'.
INFO: [IP_Flow 19-2313] Loaded Vivado IP repository 'C:/Xilinx/Vivado/2021.2/data/ip'.
open_project: Time (s): cpu = 00:00:39 ; elapsed = 00:00:20 . Memory (MB): peak = 1235.301 ; gain = 0.000
update_compile_order -fileset sources_1
open_bd_design {C:/Users/Administrator/Documents/Gitkraken/spec/HDMI_experiment/HDMI_experiment.srcs/sources_1/bd/design_1/design_1.bd}
Reading block design file <C:/Users/Administrator/Documents/Gitkraken/spec/HDMI_experiment/HDMI_experiment.srcs/sources_1/bd/design_1/design_1.bd>...
Adding component instance block -- xilinx.com:ip:processing_system7:5.5 - processing_system7_0
Adding component instance block -- xilinx.com:ip:axi_vdma:6.3 - axi_vdma_0
Adding component instance block -- xilinx.com:ip:axi_interconnect:2.1 - ps7_0_axi_periph
Adding component instance block -- xilinx.com:ip:axi_crossbar:2.1 - xbar
Adding component instance block -- xilinx.com:ip:axi_protocol_converter:2.1 - auto_pc
Adding component instance block -- xilinx.com:ip:proc_sys_reset:5.0 - rst_ps7_0_100M
Adding component instance block -- xilinx.com:ip:axi_interconnect:2.1 - axi_mem_intercon
Adding component instance block -- xilinx.com:ip:axi_protocol_converter:2.1 - auto_pc
Adding component instance block -- xilinx.com:ip:proc_sys_reset:5.0 - rst_ps7_0_142M
Adding component instance block -- xilinx.com:ip:axis_subset_converter:1.1 - axis_subset_converter_0
Adding component instance block -- xilinx.com:ip:xlconstant:1.1 - xlconstant_0
Adding component instance block -- xilinx.com:ip:v_axi4s_vid_out:4.0 - v_axi4s_vid_out_0
Adding component instance block -- xilinx.com:ip:v_tc:6.2 - v_tc_0
Adding component instance block -- digilentinc.com:ip:rgb2dvi:1.4 - rgb2dvi_0
Adding component instance block -- digilentinc.com:ip:axi_dynclk:1.2 - axi_dynclk_0
Adding component instance block -- xilinx.com:ip:axi_gpio:2.0 - axi_gpio_0
Adding component instance block -- xilinx.com:ip:xlconcat:2.1 - xlconcat_0
Adding component instance block -- xilinx.com:ip:axi_iic:2.1 - axi_iic_0
Successfully read diagram <design_1> from block design file <C:/Users/Administrator/Documents/Gitkraken/spec/HDMI_experiment/HDMI_experiment.srcs/sources_1/bd/design_1/design_1.bd>
open_bd_design: Time (s): cpu = 00:00:15 ; elapsed = 00:00:13 . Memory (MB): peak = 1235.301 ; gain = 0.000
